app/build/intermediates/manifest_merge_blame_file/debug/manifest-merger-blame-debug-report.txt
1<?xml version="1.0" encoding="utf-8"?>
2<manifest xmlns:android="http://schemas.android.com/apk/res/android"
3    package="com.example.myapp"
4    android:versionCode="1"
5    android:versionName="1.0" >
6
7    <uses-sdk
8        android:minSdkVersion="21"
8-->src/main/AndroidManifest.xml
9        android:targetSdkVersion="33" />
9-->src/main/AndroidManifest.xml
10
11    <permission
11-->[androidx.core:core:1.9.0] AndroidManifest.xml:22:5-24:47
12        android:name="com.example.myapp.DYNAMIC_RECEIVER_NOT_EXPORTED_PERMISSION"
12-->[androidx.core:core:1.9.0] AndroidManifest.xml:23:9-81
13        android:protectionLevel="signature" />
13-->[androidx.core:core:1.9.0] AndroidManifest.xml:24:9-44
14
15    <uses-permission android:name="com.example.myapp.DYNAMIC_RECEIVER_NOT_EXPORTED_PERMISSION" />
15-->[androidx.core:core:1.9.0] AndroidManifest.xml:26:5-97
15-->[androidx.core:core:1.9.0] AndroidManifest.xml:26:22-94
16
17    <application
17-->src/main/AndroidManifest.xml:4:5-18:19
18        android:allowBackup="true"
18-->src/main/AndroidManifest.xml:5:9-35
19        android:appComponentFactory="androidx.core.app.CoreComponentFactory"
19-->[androidx.core:core:1.9.0] AndroidManifest.xml:28:18-86
20        android:debuggable="true"
21        android:icon="@mipmap/ic_launcher"
21-->src/main/AndroidManifest.xml:7:9-43
22        android:label="MyApp"
22-->src/main/AndroidManifest.xml:6:9-30
23        android:supportsRtl="true"
23-->src/main/AndroidManifest.xml:8:9-35
24        android:theme="@style/Theme.AppCompat.Light.DarkActionBar" >
24-->src/main/AndroidManifest.xml:9:9-67
25        <activity
25-->src/main/AndroidManifest.xml:10:9-17:20
26            android:name="com.example.myapp.MainActivity"
26-->src/main/AndroidManifest.xml:11:13-41
27            android:exported="true" >
27-->src/main/AndroidManifest.xml:12:13-36
28            <intent-filter>
28-->src/main/AndroidManifest.xml:13:13-16:29
29                <action android:name="android.intent.action.MAIN" />
29-->src/main/AndroidManifest.xml:14:17-69
29-->src/main/AndroidManifest.xml:14:25-66
30
31                <category android:name="android.intent.category.LAUNCHER" />
31-->src/main/AndroidManifest.xml:15:17-77
31-->src/main/AndroidManifest.xml:15:27-74
32            </intent-filter>
33        </activity>
34
35        <provider
35-->[androidx.emoji2:emoji2:1.2.0] AndroidManifest.xml:24:9-32:20
36            android:name="androidx.startup.InitializationProvider"
36-->[androidx.emoji2:emoji2:1.2.0] AndroidManifest.xml:25:13-67
37            android:authorities="com.example.myapp.androidx-startup"
37-->[androidx.emoji2:emoji2:1.2.0] AndroidManifest.xml:26:13-68
38            android:exported="false" >
38-->[androidx.emoji2:emoji2:1.2.0] AndroidManifest.xml:27:13-37
39            <meta-data
39-->[androidx.emoji2:emoji2:1.2.0] AndroidManifest.xml:29:13-31:52
40                android:name="androidx.emoji2.text.EmojiCompatInitializer"
40-->[androidx.emoji2:emoji2:1.2.0] AndroidManifest.xml:30:17-75
41                android:value="androidx.startup" />
41-->[androidx.emoji2:emoji2:1.2.0] AndroidManifest.xml:31:17-49
42            <meta-data
42-->[androidx.lifecycle:lifecycle-process:2.4.1] AndroidManifest.xml:31:13-33:52
43                android:name="androidx.lifecycle.ProcessLifecycleInitializer"
43-->[androidx.lifecycle:lifecycle-process:2.4.1] AndroidManifest.xml:32:17-78
44                android:value="androidx.startup" />
44-->[androidx.lifecycle:lifecycle-process:2.4.1] AndroidManifest.xml:33:17-49
45        </provider>
46    </application>
47
48</manifest>